<?xml version="1.0" encoding="UTF-8"?>
<!-- Generated by org.testng.reporters.JUnitReportReporter -->
<testsuite hostname="QTLSYS1-25" name="Test.CO_ILP.LonI_DFLT_PPN_BNK_1InstDeposit" tests="1" failures="0" timestamp="14 Feb 2019 07:43:46 GMT" time="673.747" errors="0">
  <testcase name="LonI_DFLT_PPN_BNK_1InstDeposit" time="673.747" classname="Test.CO_ILP.LonI_DFLT_PPN_BNK_1InstDeposit"/>
</testsuite> <!-- Test.CO_ILP.LonI_DFLT_PPN_BNK_1InstDeposit -->
