<?xml version="1.0" encoding="UTF-8"?>
<!-- Generated by org.testng.reporters.JUnitReportReporter -->
<testsuite hostname="QTLSYS1-25" name="Tests.LOC_general_Scenarios.DFLTcustomer_RCC7_RCCSchedule_Deposit3Inst_Cleat1stInst_Return2ndInst_RevisedSchdule" tests="1" failures="0" timestamp="4 Feb 2019 05:53:31 GMT" time="2268.533" errors="0">
  <testcase name="DFLTcustomer_RCC7_RCCSchedule_Deposit3Inst_Cleat1stInst_Return2ndInst_RevisedSchdule_Sc247" time="2268.533" classname="Tests.LOC_general_Scenarios.DFLTcustomer_RCC7_RCCSchedule_Deposit3Inst_Cleat1stInst_Return2ndInst_RevisedSchdule"/>
</testsuite> <!-- Tests.LOC_general_Scenarios.DFLTcustomer_RCC7_RCCSchedule_Deposit3Inst_Cleat1stInst_Return2ndInst_RevisedSchdule -->
