<?xml version="1.0" encoding="UTF-8"?>
<!-- Generated by org.testng.reporters.JUnitReportReporter -->
<testsuite hostname="QTLSYS1-25" name="Tests.LOC_general_Scenarios.DFLTcustomer_RCCRevoke_ConvertEPP_1stDeponduedate_2ndpayfullwithcashb4duedate_1stinstRTNater2ndinstduedate_ReviseSCH_Weekly" tests="1" failures="0" timestamp="7 Feb 2019 06:56:19 GMT" time="1514.705" errors="0">
  <testcase name="DFLTcustomer_RCCRevoke_ConvertEPP_1stDeponduedate_2ndpayfullwithcashb4duedate_1stinstRTNater2ndinstduedate_ReviseSCH_Weekly_Sc199" time="1514.705" classname="Tests.LOC_general_Scenarios.DFLTcustomer_RCCRevoke_ConvertEPP_1stDeponduedate_2ndpayfullwithcashb4duedate_1stinstRTNater2ndinstduedate_ReviseSCH_Weekly"/>
</testsuite> <!-- Tests.LOC_general_Scenarios.DFLTcustomer_RCCRevoke_ConvertEPP_1stDeponduedate_2ndpayfullwithcashb4duedate_1stinstRTNater2ndinstduedate_ReviseSCH_Weekly -->
