<?xml version="1.0" encoding="UTF-8"?>
<!-- Generated by org.testng.reporters.JUnitReportReporter -->
<testsuite hostname="qtlsys2-139" name="Tests.TLP.TwoLoansameVIN_OneDefault_Repossession_RepossessionshouldposttwoLoans" tests="1" failures="0" timestamp="13 Nov 2018 11:55:01 GMT" time="971.256" errors="0">
  <testcase name="RegistrationTest" time="971.256" classname="Tests.TLP.TwoLoansameVIN_OneDefault_Repossession_RepossessionshouldposttwoLoans"/>
</testsuite> <!-- Tests.TLP.TwoLoansameVIN_OneDefault_Repossession_RepossessionshouldposttwoLoans -->
