<?xml version="1.0" encoding="UTF-8"?>
<!-- Generated by org.testng.reporters.JUnitReportReporter -->
<testsuite hostname="qtlsys2-139" name="Tests.PDL.Loan_MissEPP_14DaysformDuedateEod_RecordDisplayinEOD" tests="1" failures="0" timestamp="14 Sep 2018 12:38:57 GMT" time="437.473" errors="0">
  <testcase name="RegistrationTest" time="437.473" classname="Tests.PDL.Loan_MissEPP_14DaysformDuedateEod_RecordDisplayinEOD"/>
</testsuite> <!-- Tests.PDL.Loan_MissEPP_14DaysformDuedateEod_RecordDisplayinEOD -->
