<?xml version="1.0" encoding="UTF-8"?>
<!-- Generated by org.testng.reporters.JUnitReportReporter -->
<testsuite hostname="QTLSYS1-25" name="Tests.LOC_general_Scenarios.LOCI_Draw_Stmt_ACTM_Payment_Payoff_Payoffvoid_ACTMEnd_Payment_Stmt2" tests="1" failures="0" timestamp="19 Dec 2018 06:57:18 GMT" time="716.641" errors="0">
  <testcase name="LOCI_Draw_Stmt_ACTM_Payment_Payoff_Payoffvoid_ACTMEnd_Payment_Stmt2_Sc94" time="716.641" classname="Tests.LOC_general_Scenarios.LOCI_Draw_Stmt_ACTM_Payment_Payoff_Payoffvoid_ACTMEnd_Payment_Stmt2"/>
</testsuite> <!-- Tests.LOC_general_Scenarios.LOCI_Draw_Stmt_ACTM_Payment_Payoff_Payoffvoid_ACTMEnd_Payment_Stmt2 -->
