<?xml version="1.0" encoding="UTF-8"?>
<!-- Generated by org.testng.reporters.JUnitReportReporter -->
<testsuite hostname="QTLSYS2-34" name="SmokeTesting.Smoke_Link_AA_Updated" tests="7" failures="0" timestamp="17 May 2019 16:45:14 GMT" time="587.566" errors="0">
  <testcase name="Cash_Management" time="87.096" classname="SmokeTesting.Smoke_Link_AA_Updated"/>
  <testcase name="Daily_Processing" time="10.911" classname="SmokeTesting.Smoke_Link_AA_Updated"/>
  <testcase name="Borrower_Edit_Borrower_" time="66.636" classname="SmokeTesting.Smoke_Link_AA_Updated"/>
  <testcase name="LoanTransaction" time="110.683" classname="SmokeTesting.Smoke_Link_AA_Updated"/>
  <testcase name="Misc_Transacation_Misc_Receipts" time="59.833" classname="SmokeTesting.Smoke_Link_AA_Updated"/>
  <testcase name="NetSpend_Verification" time="20.133" classname="SmokeTesting.Smoke_Link_AA_Updated"/>
  <testcase name="Reports_Verification" time="232.274" classname="SmokeTesting.Smoke_Link_AA_Updated"/>
</testsuite> <!-- SmokeTesting.Smoke_Link_AA_Updated -->
