<?xml version="1.0" encoding="UTF-8"?>
<!-- Generated by org.testng.reporters.JUnitReportReporter -->
<testsuite hostname="QTLSYS1-25" name="Test.CO_ILP.LonI_StoreDateafterRescindPeriod_Payment_selectpayanyotheramt_Pymtamtlessthan1stint_VoidPymt" tests="1" failures="0" timestamp="9 Feb 2019 09:04:36 GMT" time="179.702" errors="0">
  <testcase name="LonI_StoreDateafterRescindPeriod_Payment_selectpayanyotheramt_Pymtamtlessthan1stint_VoidPymt" time="179.702" classname="Test.CO_ILP.LonI_StoreDateafterRescindPeriod_Payment_selectpayanyotheramt_Pymtamtlessthan1stint_VoidPymt"/>
</testsuite> <!-- Test.CO_ILP.LonI_StoreDateafterRescindPeriod_Payment_selectpayanyotheramt_Pymtamtlessthan1stint_VoidPymt -->
