<?xml version="1.0" encoding="UTF-8"?>
<!-- Generated by org.testng.reporters.JUnitReportReporter -->
<testsuite hostname="QTLSYS1-25" name="Test.CO_ILP.LonI_DFLT_Pymt_20percentofDFLTamt_EODbatchprocess_DFLTPLUS60" tests="1" failures="0" timestamp="21 Feb 2019 09:15:37 GMT" time="348.923" errors="0">
  <testcase name="LonI_DFLT_Pymt_20percentofDFLTamt_EODbatchprocess_DFLTPLUS60" time="348.923" classname="Test.CO_ILP.LonI_DFLT_Pymt_20percentofDFLTamt_EODbatchprocess_DFLTPLUS60"/>
</testsuite> <!-- Test.CO_ILP.LonI_DFLT_Pymt_20percentofDFLTamt_EODbatchprocess_DFLTPLUS60 -->
