<?xml version="1.0" encoding="UTF-8"?>
<!-- Generated by org.testng.reporters.JUnitReportReporter -->
<testsuite hostname="qtlsys2-139" name="Tests.TLP.TwoLoans_OneVIN_OneDefault" tests="1" failures="0" timestamp="18 Oct 2018 11:57:53 GMT" time="706.006" errors="0">
  <testcase name="RegistrationTest" time="706.006" classname="Tests.TLP.TwoLoans_OneVIN_OneDefault"/>
</testsuite> <!-- Tests.TLP.TwoLoans_OneVIN_OneDefault -->
