<?xml version="1.0" encoding="UTF-8"?>
<!-- Generated by org.testng.reporters.JUnitReportReporter -->
<testsuite hostname="QTLSYS1-25" name="Tests.LOC_general_Scenarios.LOCI_Draw_Stmt_DLQ_CURE_ACTM_Payment_Stmt2_Draw_Payment_stmt3_ACTMEnd" tests="1" failures="0" timestamp="26 Dec 2018 12:02:15 GMT" time="1347.755" errors="0">
  <testcase name="LOCI_Draw_Stmt_DLQ_CURE_ACTM_Payment_Stmt2_Draw_Payment_stmt3_ACTMEnd_Sc93" time="1347.755" classname="Tests.LOC_general_Scenarios.LOCI_Draw_Stmt_DLQ_CURE_ACTM_Payment_Stmt2_Draw_Payment_stmt3_ACTMEnd"/>
</testsuite> <!-- Tests.LOC_general_Scenarios.LOCI_Draw_Stmt_DLQ_CURE_ACTM_Payment_Stmt2_Draw_Payment_stmt3_ACTMEnd -->
