<?xml version="1.0" encoding="UTF-8"?>
<!-- Generated by org.testng.reporters.JUnitReportReporter -->
<testsuite hostname="qtlsys2-139" name="Tests.PDL.NewLoan_PreNoteDiposit_6daysBeforeDueDate" tests="1" failures="0" timestamp="10 Sep 2018 09:07:00 GMT" time="226.994" errors="0">
  <testcase name="RegistrationTest" time="226.994" classname="Tests.PDL.NewLoan_PreNoteDiposit_6daysBeforeDueDate"/>
</testsuite> <!-- Tests.PDL.NewLoan_PreNoteDiposit_6daysBeforeDueDate -->
