<?xml version="1.0" encoding="UTF-8"?>
<!-- Generated by org.testng.reporters.JUnitReportReporter -->
<testsuite hostname="QTLSYS1-25" name="Tests.LOC_general_Scenarios.DFLTcustomer_RCC7_RCCSchedule_DepositallInst_Cleat1stInst_Return1stInst_CheckSch_Return2ndInst_CheckRevisedSchdule" tests="1" failures="0" timestamp="5 Feb 2019 06:21:25 GMT" time="2397.856" errors="0">
  <testcase name="DFLTcustomer_RCC7_RCCSchedule_DepositallInst_Cleat1stInst_Return1stInst_CheckSch_Return2ndInst_CheckRevisedSchdule_Sc248" time="2397.856" classname="Tests.LOC_general_Scenarios.DFLTcustomer_RCC7_RCCSchedule_DepositallInst_Cleat1stInst_Return1stInst_CheckSch_Return2ndInst_CheckRevisedSchdule"/>
</testsuite> <!-- Tests.LOC_general_Scenarios.DFLTcustomer_RCC7_RCCSchedule_DepositallInst_Cleat1stInst_Return1stInst_CheckSch_Return2ndInst_CheckRevisedSchdule -->
