<?xml version="1.0" encoding="UTF-8"?>
<!-- Generated by org.testng.reporters.JUnitReportReporter -->
<testsuite hostname="QTLSYS1-25" name="Tests.LOC_general_Scenarios.DFLTcustomer_RCC7_RCCSchedule__Bankruptcy_VoidBNK_RCCStatusverification" tests="1" failures="0" timestamp="21 Jan 2019 09:49:44 GMT" time="1544.999" errors="0">
  <testcase name="DFLTcustomer_RCC7_RCCSchedule__Bankruptcy_VoidBNK_RCCStatusverification_Sc284" time="1544.999" classname="Tests.LOC_general_Scenarios.DFLTcustomer_RCC7_RCCSchedule__Bankruptcy_VoidBNK_RCCStatusverification"/>
</testsuite> <!-- Tests.LOC_general_Scenarios.DFLTcustomer_RCC7_RCCSchedule__Bankruptcy_VoidBNK_RCCStatusverification -->
