<?xml version="1.0" encoding="UTF-8"?>
<!-- Generated by org.testng.reporters.JUnitReportReporter -->
<testsuite hostname="QTLSYS2-34" name="SmokeTesting.Executionbatchfile_CO_ILP" tests="2" failures="0" timestamp="18 May 2019 11:08:27 GMT" time="1522.904" errors="0">
  <testcase name="Loan_1stdeposit_clr_payoff_clear_return_" time="658.143" classname="SmokeTesting.Executionbatchfile_CO_ILP"/>
  <testcase name="Loan_PmtAllExceptLast_DepLast_Clear_Return_" time="864.761" classname="SmokeTesting.Executionbatchfile_CO_ILP"/>
</testsuite> <!-- SmokeTesting.Executionbatchfile_CO_ILP -->
