<?xml version="1.0" encoding="UTF-8"?>
<!-- Generated by org.testng.reporters.JUnitReportReporter -->
<testsuite hostname="QTLSYS1-25" name="Tests.LOC_general_Scenarios.LOCI_Draw_stmt_Deposit_ReturnwithR01_ACTM_ACTMEnd_RepDepRecordchouldpickforDeposit" tests="1" failures="0" timestamp="29 Jan 2019 10:59:36 GMT" time="1142.084" errors="0">
  <testcase name="LOCI_Draw_stmt_Deposit_ReturnwithR01_ACTM_ACTMEnd_RepDepRecordchouldpickforDeposit_Sc314" time="1142.084" classname="Tests.LOC_general_Scenarios.LOCI_Draw_stmt_Deposit_ReturnwithR01_ACTM_ACTMEnd_RepDepRecordchouldpickforDeposit"/>
</testsuite> <!-- Tests.LOC_general_Scenarios.LOCI_Draw_stmt_Deposit_ReturnwithR01_ACTM_ACTMEnd_RepDepRecordchouldpickforDeposit -->
