<?xml version="1.0" encoding="UTF-8"?>
<!-- Generated by org.testng.reporters.JUnitReportReporter -->
<testsuite hostname="qtlsys2-139" name="Tests.PDL.BorrowerRegistration_VerifyLoanAmount" tests="1" failures="0" timestamp="3 Sep 2018 12:38:41 GMT" time="37.762" errors="0">
  <testcase name="RegistrationTest" time="37.762" classname="Tests.PDL.BorrowerRegistration_VerifyLoanAmount"/>
</testsuite> <!-- Tests.PDL.BorrowerRegistration_VerifyLoanAmount -->
