<?xml version="1.0" encoding="UTF-8"?>
<!-- Generated by org.testng.reporters.JUnitReportReporter -->
<testsuite hostname="qtlsys2-139" name="Tests.PDL.NewLoanMultipledisbursement_AgestoreVoid" tests="1" failures="0" timestamp="7 Sep 2018 07:48:54 GMT" time="248.280" errors="0">
  <testcase name="RegistrationTest" time="248.280" classname="Tests.PDL.NewLoanMultipledisbursement_AgestoreVoid"/>
</testsuite> <!-- Tests.PDL.NewLoanMultipledisbursement_AgestoreVoid -->
