<?xml version="1.0" encoding="UTF-8"?>
<!-- Generated by org.testng.reporters.JUnitReportReporter -->
<testsuite hostname="QTLSYS1-25" name="Tests.LOC_general_Scenarios.LOCI_Draw_ACTM_Payoffwithcash_STMT" tests="1" failures="0" timestamp="14 Dec 2018 13:06:10 GMT" time="373.941" errors="0">
  <testcase name="LOCI_Draw_ACTM_Payoffwithcash_STMT_Sc74" time="373.941" classname="Tests.LOC_general_Scenarios.LOCI_Draw_ACTM_Payoffwithcash_STMT"/>
</testsuite> <!-- Tests.LOC_general_Scenarios.LOCI_Draw_ACTM_Payoffwithcash_STMT -->
