<?xml version="1.0" encoding="UTF-8"?>
<!-- Generated by org.testng.reporters.JUnitReportReporter -->
<testsuite hostname="QTLSYS1-25" name="Test.CO_ILP.LonI_IstInstPayment_ACTM_ACTMEnd_2ndInstpymt_Verify_Apportions" tests="1" failures="0" timestamp="11 Feb 2019 13:21:48 GMT" time="330.090" errors="0">
  <testcase name="LonI_IstInstPayment_ACTM_ACTMEnd_2ndInstpymt_Verify_Apportions" time="330.090" classname="Test.CO_ILP.LonI_IstInstPayment_ACTM_ACTMEnd_2ndInstpymt_Verify_Apportions"/>
</testsuite> <!-- Test.CO_ILP.LonI_IstInstPayment_ACTM_ACTMEnd_2ndInstpymt_Verify_Apportions -->
