<?xml version="1.0" encoding="UTF-8"?>
<!-- Generated by org.testng.reporters.JUnitReportReporter -->
<testsuite hostname="QTLSYS1-25" name="Tests.LOC_general_Scenarios.LOCI_Draw_ACTM_stmt_ACTMEnd_Payoff_Clear" tests="1" failures="0" timestamp="14 Dec 2018 13:22:33 GMT" time="393.711" errors="0">
  <testcase name="LOCI_Draw_ACTM_stmt_ACTMEnd_Payoff_Clear_Sc63" time="393.711" classname="Tests.LOC_general_Scenarios.LOCI_Draw_ACTM_stmt_ACTMEnd_Payoff_Clear"/>
</testsuite> <!-- Tests.LOC_general_Scenarios.LOCI_Draw_ACTM_stmt_ACTMEnd_Payoff_Clear -->
