<?xml version="1.0" encoding="UTF-8"?>
<!-- Generated by org.testng.reporters.JUnitReportReporter -->
<testsuite hostname="QTLSYS1-25" name="SmokeTesting.Smoke_Link_AA" tests="7" failures="0" timestamp="25 Mar 2019 11:03:55 GMT" time="933.910" errors="0">
  <testcase name="Borrower_Edit_Borrower_" time="63.627" classname="SmokeTesting.Smoke_Link_AA"/>
  <testcase name="LoanTransaction" time="246.351" classname="SmokeTesting.Smoke_Link_AA"/>
  <testcase name="Cash_Management" time="82.355" classname="SmokeTesting.Smoke_Link_AA"/>
  <testcase name="Daily_Processing" time="10.092" classname="SmokeTesting.Smoke_Link_AA"/>
  <testcase name="Reports_Verification" time="458.959" classname="SmokeTesting.Smoke_Link_AA"/>
  <testcase name="Misc_Transacation_Misc_Receipts" time="56.218" classname="SmokeTesting.Smoke_Link_AA"/>
  <testcase name="NetSpend_Verification" time="16.308" classname="SmokeTesting.Smoke_Link_AA"/>
</testsuite> <!-- SmokeTesting.Smoke_Link_AA -->
