<?xml version="1.0" encoding="UTF-8"?>
<!-- Generated by org.testng.reporters.JUnitReportReporter -->
<testsuite hostname="QTLSYS1-25" name="Tests.LOC_general_Scenarios.LOCI_Draw_ACTM_stmt_ACTMEnd_Payoff_ACMT_VoidPayoff_ACTMEnd_stmt2" tests="1" failures="0" timestamp="26 Dec 2018 10:21:06 GMT" time="634.565" errors="0">
  <testcase name="LOCI_Draw_ACTM_stmt_ACTMEnd_Payoff_ACMT_VoidPayoff_ACTMEnd_stmt2_Sc72" time="634.565" classname="Tests.LOC_general_Scenarios.LOCI_Draw_ACTM_stmt_ACTMEnd_Payoff_ACMT_VoidPayoff_ACTMEnd_stmt2"/>
</testsuite> <!-- Tests.LOC_general_Scenarios.LOCI_Draw_ACTM_stmt_ACTMEnd_Payoff_ACMT_VoidPayoff_ACTMEnd_stmt2 -->
