<?xml version="1.0" encoding="UTF-8"?>
<!-- Generated by org.testng.reporters.JUnitReportReporter -->
<testsuite hostname="QTLSYS1-25" name="Test.CO_ILP.LonI_RunEODbatchon1Instduedate_AgainEODbatchfrom10thdayof1stInstduedate_Payment_Pastdue_Pymtamt" tests="1" failures="0" timestamp="9 Feb 2019 09:17:36 GMT" time="242.287" errors="0">
  <testcase name="LonI_RunEODbatchon1Instduedate_AgainEODbatchfrom10thdayof1stInstduedate_Payment_Pastdue_Pymtamt" time="242.287" classname="Test.CO_ILP.LonI_RunEODbatchon1Instduedate_AgainEODbatchfrom10thdayof1stInstduedate_Payment_Pastdue_Pymtamt"/>
</testsuite> <!-- Test.CO_ILP.LonI_RunEODbatchon1Instduedate_AgainEODbatchfrom10thdayof1stInstduedate_Payment_Pastdue_Pymtamt -->
