<?xml version="1.0" encoding="UTF-8"?>
<!-- Generated by org.testng.reporters.JUnitReportReporter -->
<testsuite hostname="qtlsys2-139" name="Tests.TLP.TwoLoansonsameVin_Default_saleLessAmount_RemainingAmountShouldbwaived" tests="1" failures="0" timestamp="16 Nov 2018 09:23:31 GMT" time="24.188" errors="0">
  <testcase name="RegistrationTest" time="24.188" classname="Tests.TLP.TwoLoansonsameVin_Default_saleLessAmount_RemainingAmountShouldbwaived"/>
</testsuite> <!-- Tests.TLP.TwoLoansonsameVin_Default_saleLessAmount_RemainingAmountShouldbwaived -->
