<?xml version="1.0" encoding="UTF-8"?>
<!-- Generated by org.testng.reporters.JUnitReportReporter -->
<testsuite hostname="QTLSYS1-25" name="Tests.LOC_general_Scenarios.LOCI_Draw_stmt_DLQ_DFLT_WO_Dismissedonduedate_LineStatustoWO" tests="1" failures="0" timestamp="28 Dec 2018 13:25:27 GMT" time="1443.162" errors="0">
  <testcase name="LOCI_Draw_stmt_DLQ_DFLT_WO_Dismissedonduedate_LineStatustoWO_Sc179" time="1443.162" classname="Tests.LOC_general_Scenarios.LOCI_Draw_stmt_DLQ_DFLT_WO_Dismissedonduedate_LineStatustoWO"/>
</testsuite> <!-- Tests.LOC_general_Scenarios.LOCI_Draw_stmt_DLQ_DFLT_WO_Dismissedonduedate_LineStatustoWO -->
