<?xml version="1.0" encoding="UTF-8"?>
<!-- Generated by org.testng.reporters.JUnitReportReporter -->
<testsuite hostname="QTLSYS1-25" name="Tests.LOC_general_Scenarios.LOCI_ACTM_Drawnotavailable_stmt" tests="1" failures="0" timestamp="17 Dec 2018 06:35:13 GMT" time="236.437" errors="0">
  <testcase name="LOCI_ACTM_Drawnotavailable_stmt_Sc60" time="236.437" classname="Tests.LOC_general_Scenarios.LOCI_ACTM_Drawnotavailable_stmt"/>
</testsuite> <!-- Tests.LOC_general_Scenarios.LOCI_ACTM_Drawnotavailable_stmt -->
