<?xml version="1.0" encoding="UTF-8"?>
<!-- Generated by org.testng.reporters.JUnitReportReporter -->
<testsuite hostname="QTLSYS1-25" name="Tests.LOC_general_Scenarios.DFLTcustomer_RCC7_RCCSchedule__Bankruptcy_RCCStatusverification" tests="1" failures="0" timestamp="21 Jan 2019 08:50:40 GMT" time="1418.313" errors="0">
  <testcase name="DFLTcustomer_RCC7_RCCSchedule__Bankruptcy_RCCStatusverification_Sc283" time="1418.313" classname="Tests.LOC_general_Scenarios.DFLTcustomer_RCC7_RCCSchedule__Bankruptcy_RCCStatusverification"/>
</testsuite> <!-- Tests.LOC_general_Scenarios.DFLTcustomer_RCC7_RCCSchedule__Bankruptcy_RCCStatusverification -->
