<?xml version="1.0" encoding="UTF-8"?>
<!-- Generated by org.testng.reporters.JUnitReportReporter -->
<testsuite hostname="QTLSYS1-25" name="Test.CO_ILP.LonI_DFLT_Pymt_15percentofDFLTamt_EODbatchprocess_DFLTPLUS120" tests="1" failures="0" timestamp="21 Feb 2019 08:06:19 GMT" time="28.336" errors="0">
  <testcase name="LonI_DFLT_Pymt_15percentofDFLTamt_EODbatchprocess_DFLTPLUS120" time="28.336" classname="Test.CO_ILP.LonI_DFLT_Pymt_15percentofDFLTamt_EODbatchprocess_DFLTPLUS120"/>
</testsuite> <!-- Test.CO_ILP.LonI_DFLT_Pymt_15percentofDFLTamt_EODbatchprocess_DFLTPLUS120 -->
