<?xml version="1.0" encoding="UTF-8"?>
<!-- Generated by org.testng.reporters.JUnitReportReporter -->
<testsuite hostname="QTLSYS1-25" name="Tests.LOC_general_Scenarios.LOCI_Draw_stmt_Deposit_ReturnwithR01_DLQ_Cure_DFLT_RPP_PPAYwithCash_PBNKbeforeduedate_VoidPBNKonduedate_RepDepRecordshouldpost" tests="1" failures="0" timestamp="1 Feb 2019 07:29:49 GMT" time="1512.813" errors="0">
  <testcase name="LOCI_Draw_stmt_Deposit_ReturnwithR01_DLQ_Cure_DFLT_RPP_PPAYwithCash_PBNKbeforeduedate_VoidPBNKonduedate_RepDepRecordshouldpost_Sc108" time="1512.813" classname="Tests.LOC_general_Scenarios.LOCI_Draw_stmt_Deposit_ReturnwithR01_DLQ_Cure_DFLT_RPP_PPAYwithCash_PBNKbeforeduedate_VoidPBNKonduedate_RepDepRecordshouldpost"/>
</testsuite> <!-- Tests.LOC_general_Scenarios.LOCI_Draw_stmt_Deposit_ReturnwithR01_DLQ_Cure_DFLT_RPP_PPAYwithCash_PBNKbeforeduedate_VoidPBNKonduedate_RepDepRecordshouldpost -->
