<?xml version="1.0" encoding="UTF-8"?>
<!-- Generated by org.testng.reporters.JUnitReportReporter -->
<testsuite hostname="QTLSYS1-25" name="Test.CO_ILP.LonI_IstInstPayment_ACTM_ACHRevoke_2ndInstDeposit_Verify_Record" tests="1" failures="0" timestamp="12 Feb 2019 09:09:52 GMT" time="443.371" errors="0">
  <testcase name="LonI_IstInstPayment_ACTM_ACHRevoke_2ndInstDeposit_Verify_Record" time="443.371" classname="Test.CO_ILP.LonI_IstInstPayment_ACTM_ACHRevoke_2ndInstDeposit_Verify_Record"/>
</testsuite> <!-- Test.CO_ILP.LonI_IstInstPayment_ACTM_ACHRevoke_2ndInstDeposit_Verify_Record -->
