<?xml version="1.0" encoding="UTF-8"?>
<!-- Generated by org.testng.reporters.JUnitReportReporter -->
<testsuite hostname="QTLSYS1-25" name="Tests.LOC_general_Scenarios.DFLTcustomer_RCC7_RCCSchedule__PendingBankruptcy_RCCSchnotgenerated" tests="1" failures="0" timestamp="21 Jan 2019 13:58:10 GMT" time="1331.980" errors="0">
  <testcase name="DFLTcustomer_RCC7_RCCSchedule__PendingBankruptcy_RCCSchnotgenerated_Sc285" time="1331.980" classname="Tests.LOC_general_Scenarios.DFLTcustomer_RCC7_RCCSchedule__PendingBankruptcy_RCCSchnotgenerated"/>
</testsuite> <!-- Tests.LOC_general_Scenarios.DFLTcustomer_RCC7_RCCSchedule__PendingBankruptcy_RCCSchnotgenerated -->
