<?xml version="1.0" encoding="UTF-8"?>
<!-- Generated by org.testng.reporters.JUnitReportReporter -->
<testsuite hostname="qtlsys2-139" name="Tests.TLP.TwoLoansameVIN_OneLoanDefault_OutofReposhouldnotpostotherLoan" tests="1" failures="0" timestamp="13 Nov 2018 09:06:39 GMT" time="777.978" errors="0">
  <testcase name="RegistrationTest" time="777.978" classname="Tests.TLP.TwoLoansameVIN_OneLoanDefault_OutofReposhouldnotpostotherLoan"/>
</testsuite> <!-- Tests.TLP.TwoLoansameVIN_OneLoanDefault_OutofReposhouldnotpostotherLoan -->
