<?xml version="1.0" encoding="UTF-8"?>
<!-- Generated by org.testng.reporters.JUnitReportReporter -->
<testsuite hostname="QTLSYS1-25" name="Tests.LOC_general_Scenarios.LOCI_Draw_ACTM_stmt_Draw_ACTMEnd_PaymentwithCash_ACTM_ACTMEnd_Stmt2" tests="1" failures="0" timestamp="21 Dec 2018 11:38:21 GMT" time="696.260" errors="0">
  <testcase name="LOCI_Draw_ACTM_stmt_Draw_ACTMEnd_PaymentwithCash_ACTM_ACTMEnd_Stmt2_Sc86" time="696.260" classname="Tests.LOC_general_Scenarios.LOCI_Draw_ACTM_stmt_Draw_ACTMEnd_PaymentwithCash_ACTM_ACTMEnd_Stmt2"/>
</testsuite> <!-- Tests.LOC_general_Scenarios.LOCI_Draw_ACTM_stmt_Draw_ACTMEnd_PaymentwithCash_ACTM_ACTMEnd_Stmt2 -->
