<?xml version="1.0" encoding="UTF-8"?>
<!-- Generated by org.testng.reporters.JUnitReportReporter -->
<testsuite hostname="QTLSYS1-25" name="Tests.LOC_general_Scenarios.LOCI_Draw_stmt_DLQ_DFLT_DismissedinDFLT_LineStatustoWO" tests="1" failures="0" timestamp="31 Dec 2018 12:55:12 GMT" time="1342.478" errors="0">
  <testcase name="LOCI_Draw_stmt_DLQ_DFLT_DismissedinDFLT_LineStatustoWO_Sc178" time="1342.478" classname="Tests.LOC_general_Scenarios.LOCI_Draw_stmt_DLQ_DFLT_DismissedinDFLT_LineStatustoWO"/>
</testsuite> <!-- Tests.LOC_general_Scenarios.LOCI_Draw_stmt_DLQ_DFLT_DismissedinDFLT_LineStatustoWO -->
