<?xml version="1.0" encoding="UTF-8"?>
<!-- Generated by org.testng.reporters.JUnitReportReporter -->
<testsuite hostname="QTLSYS1-25" name="Test.CO_ILP.LonI_Deceased" tests="1" failures="0" timestamp="11 Feb 2019 08:31:38 GMT" time="208.974" errors="0">
  <testcase name="LonI_Deceased" time="208.974" classname="Test.CO_ILP.LonI_Deceased"/>
</testsuite> <!-- Test.CO_ILP.LonI_Deceased -->
