<?xml version="1.0" encoding="UTF-8"?>
<!-- Generated by org.testng.reporters.JUnitReportReporter -->
<testsuite hostname="qtlsys2-139" name="Tests.TLP.Loan_EncryptionKey_Void" tests="1" failures="0" timestamp="6 Nov 2018 09:31:55 GMT" time="202.079" errors="0">
  <testcase name="RegistrationTest" time="202.079" classname="Tests.TLP.Loan_EncryptionKey_Void"/>
</testsuite> <!-- Tests.TLP.Loan_EncryptionKey_Void -->
