<?xml version="1.0" encoding="UTF-8"?>
<!-- Generated by org.testng.reporters.JUnitReportReporter -->
<testsuite hostname="QTLSYS1-25" name="Tests.LOC_general_Scenarios.LOCI_Draw_Stmt_ACTM_DLQ_CURE_Payment_VoidPymt_Pymt_Draw_ACTMEnd_Draw_Payment_stmt2" tests="1" failures="0" timestamp="28 Dec 2018 06:13:19 GMT" time="135.349" errors="0">
  <testcase name="LOCI_Draw_Stmt_ACTM_DLQ_CURE_Payment_VoidPymt_Pymt_Draw_ACTMEnd_Draw_Payment_stmt2_Sc92" time="135.349" classname="Tests.LOC_general_Scenarios.LOCI_Draw_Stmt_ACTM_DLQ_CURE_Payment_VoidPymt_Pymt_Draw_ACTMEnd_Draw_Payment_stmt2"/>
</testsuite> <!-- Tests.LOC_general_Scenarios.LOCI_Draw_Stmt_ACTM_DLQ_CURE_Payment_VoidPymt_Pymt_Draw_ACTMEnd_Draw_Payment_stmt2 -->
