<?xml version="1.0" encoding="UTF-8"?>
<!-- Generated by org.testng.reporters.JUnitReportReporter -->
<testsuite hostname="qtlsys2-139" name="Tests.PDL.NewLoan_VoidEncryptionKey" tests="1" failures="0" timestamp="5 Sep 2018 06:57:09 GMT" time="251.855" errors="0">
  <testcase name="RegistrationTest" time="251.855" classname="Tests.PDL.NewLoan_VoidEncryptionKey"/>
</testsuite> <!-- Tests.PDL.NewLoan_VoidEncryptionKey -->
