<?xml version="1.0" encoding="UTF-8"?>
<!-- Generated by org.testng.reporters.JUnitReportReporter -->
<testsuite hostname="QTLSYS2-34" name="SmokeTesting.FL_PDL_SmokeTest" tests="4" failures="0" timestamp="23 May 2019 06:11:36 GMT" time="875.861" errors="0">
  <testcase name="PreNoteDeposit_Clear_CustomerInactive_Deposit" time="307.851" classname="SmokeTesting.FL_PDL_SmokeTest"/>
  <testcase name="PreNoteDeposit_Clear_CustomerActive_Deposit" time="325.999" classname="SmokeTesting.FL_PDL_SmokeTest"/>
  <testcase name="RegistrationTest" time="68.405" classname="SmokeTesting.FL_PDL_SmokeTest"/>
  <testcase name="BuyBack_Change_Void" time="173.606" classname="SmokeTesting.FL_PDL_SmokeTest"/>
</testsuite> <!-- SmokeTesting.FL_PDL_SmokeTest -->
