<?xml version="1.0" encoding="UTF-8"?>
<!-- Generated by org.testng.reporters.JUnitReportReporter -->
<testsuite hostname="QTLSYS1-25" name="Tests.PDL.PDL_SmokeTest" tests="6" failures="0" timestamp="18 Apr 2019 07:51:44 GMT" time="1207.932" errors="0">
  <testcase name="Newloan_missEPP_EODprocess" time="223.887" classname="Tests.PDL.PDL_SmokeTest"/>
  <testcase name="PreNoteDeposit_Clear_CustomerInactive_Deposit" time="330.256" classname="Tests.PDL.PDL_SmokeTest"/>
  <testcase name="VoidloanTest" time="67.109" classname="Tests.PDL.PDL_SmokeTest"/>
  <testcase name="RegistrationTest" time="72.829" classname="Tests.PDL.PDL_SmokeTest"/>
  <testcase name="BuyBack_Change_Void" time="183.973" classname="Tests.PDL.PDL_SmokeTest"/>
  <testcase name="PreNoteDeposit_Clear_CustomerActive_Deposit" time="329.878" classname="Tests.PDL.PDL_SmokeTest"/>
</testsuite> <!-- Tests.PDL.PDL_SmokeTest -->
