<?xml version="1.0" encoding="UTF-8"?>
<!-- Generated by org.testng.reporters.JUnitReportReporter -->
<testsuite hostname="QTLSYS1-25" name="Tests.LOC_general_Scenarios.LOCI_Draw_Stmt_ACTM_Payoff_STMT2" tests="1" failures="0" timestamp="17 Dec 2018 05:51:39 GMT" time="431.762" errors="0">
  <testcase name="LOCI_Draw_Stmt_ACTM_Payoff_STMT2_Sc75" time="431.762" classname="Tests.LOC_general_Scenarios.LOCI_Draw_Stmt_ACTM_Payoff_STMT2"/>
</testsuite> <!-- Tests.LOC_general_Scenarios.LOCI_Draw_Stmt_ACTM_Payoff_STMT2 -->
