<?xml version="1.0" encoding="UTF-8"?>
<!-- Generated by org.testng.reporters.JUnitReportReporter -->
<testsuite hostname="qtlsys2-139" name="Tests.PDL.ConvertCheckToACHNacha_ACHDepositProcess_ACHReturn" tests="1" failures="0" timestamp="23 Oct 2018 12:11:03 GMT" time="487.389" errors="0">
  <testcase name="RegistrationTest" time="487.389" classname="Tests.PDL.ConvertCheckToACHNacha_ACHDepositProcess_ACHReturn"/>
</testsuite> <!-- Tests.PDL.ConvertCheckToACHNacha_ACHDepositProcess_ACHReturn -->
