<?xml version="1.0" encoding="UTF-8"?>
<!-- Generated by org.testng.reporters.JUnitReportReporter -->
<testsuite hostname="QTLSYS1-25" name="Tests.LOC_general_Scenarios.LOCI_Draw_stmt_DismissedonDuedate_LineStatustoWO" tests="1" failures="0" timestamp="31 Dec 2018 07:09:25 GMT" time="762.136" errors="0">
  <testcase name="LOCI_Draw_stmt_DismissedonDuedate_LineStatustoWO_Sc176" time="762.136" classname="Tests.LOC_general_Scenarios.LOCI_Draw_stmt_DismissedonDuedate_LineStatustoWO"/>
</testsuite> <!-- Tests.LOC_general_Scenarios.LOCI_Draw_stmt_DismissedonDuedate_LineStatustoWO -->
