<?xml version="1.0" encoding="UTF-8"?>
<!-- Generated by org.testng.reporters.JUnitReportReporter -->
<testsuite hostname="QTLSYS1-25" name="Test.CO_ILP.LonI_DFLT_RCCRevoke_PPN_1InstDeposit_Return_EODbatchprocess35daysfromduedate_VerifyPPNDFLTrecordposted" tests="1" failures="0" timestamp="27 Feb 2019 11:13:36 GMT" time="760.176" errors="0">
  <testcase name="LonI_DFLT_RCCRevoke_PPN_1InstDeposit_Return_EODbatchprocess35daysfromduedate_VerifyPPNDFLTrecordposted" time="760.176" classname="Test.CO_ILP.LonI_DFLT_RCCRevoke_PPN_1InstDeposit_Return_EODbatchprocess35daysfromduedate_VerifyPPNDFLTrecordposted"/>
</testsuite> <!-- Test.CO_ILP.LonI_DFLT_RCCRevoke_PPN_1InstDeposit_Return_EODbatchprocess35daysfromduedate_VerifyPPNDFLTrecordposted -->
