<?xml version="1.0" encoding="UTF-8"?>
<!-- Generated by org.testng.reporters.JUnitReportReporter -->
<testsuite hostname="QTLSYS1-25" name="Test.CO_ILP.LonI_DFLT_PPN_1InstDepositDueDate_2ndpayfullcashb4duedate_istInstclear_3rdpayfullcashb4duedate_1stInstclearreturn_CheckSch" tests="1" failures="0" timestamp="28 Feb 2019 10:34:16 GMT" time="809.523" errors="0">
  <testcase name="LonI_DFLT_PPN_1InstDepositDueDate_2ndpayfullcashb4duedate_istInstclear_3rdpayfullcashb4duedate_1stInstclearreturn_CheckSch" time="809.523" classname="Test.CO_ILP.LonI_DFLT_PPN_1InstDepositDueDate_2ndpayfullcashb4duedate_istInstclear_3rdpayfullcashb4duedate_1stInstclearreturn_CheckSch"/>
</testsuite> <!-- Test.CO_ILP.LonI_DFLT_PPN_1InstDepositDueDate_2ndpayfullcashb4duedate_istInstclear_3rdpayfullcashb4duedate_1stInstclearreturn_CheckSch -->
