<?xml version="1.0" encoding="UTF-8"?>
<!-- Generated by org.testng.reporters.JUnitReportReporter -->
<testsuite hostname="QTLSYS1-25" name="Tests.LOC_general_Scenarios.LOCI_Draw_stmt_DLQ_Cure_DFLT_GenerateRCC_ACTM_ACTMEnd_EODonDueDate" tests="1" failures="0" timestamp="31 Jan 2019 11:11:18 GMT" time="1688.877" errors="0">
  <testcase name="LOCI_Draw_stmt_DLQ_Cure_DFLT_GenerateRCC_ACTM_ACTMEnd_EODonDueDate_Sc278" time="1688.877" classname="Tests.LOC_general_Scenarios.LOCI_Draw_stmt_DLQ_Cure_DFLT_GenerateRCC_ACTM_ACTMEnd_EODonDueDate"/>
</testsuite> <!-- Tests.LOC_general_Scenarios.LOCI_Draw_stmt_DLQ_Cure_DFLT_GenerateRCC_ACTM_ACTMEnd_EODonDueDate -->
