<?xml version="1.0" encoding="UTF-8"?>
<!-- Generated by org.testng.reporters.JUnitReportReporter -->
<testsuite hostname="QTLSYS1-25" name="Tests.LOC_general_Scenarios.LOCI_Draw_stmt_Deposit_Return_DLQ_Cure_DFLT_PBNK_RPP_VoidPBNK_RPP" tests="1" failures="0" timestamp="31 Jan 2019 06:16:36 GMT" time="1305.550" errors="0">
  <testcase name="LOCI_Draw_stmt_Deposit_Return_DLQ_Cure_DFLT_PBNK_RPP_VoidPBNK_RPP_Sc105" time="1305.550" classname="Tests.LOC_general_Scenarios.LOCI_Draw_stmt_Deposit_Return_DLQ_Cure_DFLT_PBNK_RPP_VoidPBNK_RPP"/>
</testsuite> <!-- Tests.LOC_general_Scenarios.LOCI_Draw_stmt_Deposit_Return_DLQ_Cure_DFLT_PBNK_RPP_VoidPBNK_RPP -->
