<?xml version="1.0" encoding="UTF-8"?>
<!-- Generated by org.testng.reporters.JUnitReportReporter -->
<testsuite hostname="QTLSYS1-25" name="Test.CO_ILP.LonI_DFLT_RCCRevoke_PPN_ACHRevoke_1InstDepositrecordverification" tests="1" failures="0" timestamp="27 Feb 2019 09:36:48 GMT" time="564.407" errors="0">
  <testcase name="LonI_DFLT_RCCRevoke_PPN_ACHRevoke_1InstDepositrecordverification" time="564.407" classname="Test.CO_ILP.LonI_DFLT_RCCRevoke_PPN_ACHRevoke_1InstDepositrecordverification"/>
</testsuite> <!-- Test.CO_ILP.LonI_DFLT_RCCRevoke_PPN_ACHRevoke_1InstDepositrecordverification -->
