<?xml version="1.0" encoding="UTF-8"?>
<!-- Generated by org.testng.reporters.JUnitReportReporter -->
<testsuite hostname="QTLSYS1-25" name="Tests.LOC_general_Scenarios.LOCI_Draw_ACTM_stmt_ACTMEnd_Deposit_Return_Payment_ACTM_PaymentVoid_ACTMEnd_Stmt" tests="1" failures="0" timestamp="29 Jan 2019 13:11:08 GMT" time="1066.977" errors="0">
  <testcase name="LOCI_Draw_ACTM_stmt_ACTMEnd_Deposit_Return_Payment_ACTM_PaymentVoid_ACTMEnd_Stmt_Sc73" time="1066.977" classname="Tests.LOC_general_Scenarios.LOCI_Draw_ACTM_stmt_ACTMEnd_Deposit_Return_Payment_ACTM_PaymentVoid_ACTMEnd_Stmt"/>
</testsuite> <!-- Tests.LOC_general_Scenarios.LOCI_Draw_ACTM_stmt_ACTMEnd_Deposit_Return_Payment_ACTM_PaymentVoid_ACTMEnd_Stmt -->
