<?xml version="1.0" encoding="UTF-8"?>
<!-- Generated by org.testng.reporters.JUnitReportReporter -->
<testsuite hostname="QTLSYS1-25" name="Tests.LOC_general_Scenarios.DFLTcustomer_RCC7_RCCSchedule_RCCRevoke_ConvertEPP_DepositallInst_ClearallInst_BiWeekly_CheckStatus" tests="1" failures="0" timestamp="28 Jan 2019 11:56:48 GMT" time="2277.556" errors="0">
  <testcase name="DFLTcustomer_RCCRevoke_ConvertEPP_DepositallInst_ClearallInst_BiWeekly_CheckStatus_Sc197" time="2277.556" classname="Tests.LOC_general_Scenarios.DFLTcustomer_RCC7_RCCSchedule_RCCRevoke_ConvertEPP_DepositallInst_ClearallInst_BiWeekly_CheckStatus"/>
</testsuite> <!-- Tests.LOC_general_Scenarios.DFLTcustomer_RCC7_RCCSchedule_RCCRevoke_ConvertEPP_DepositallInst_ClearallInst_BiWeekly_CheckStatus -->
