<?xml version="1.0" encoding="UTF-8"?>
<!-- Generated by org.testng.reporters.JUnitReportReporter -->
<testsuite hostname="QTLSYS1-25" name="Tests.LOC_general_Scenarios.LOCI_ACTM_ACTMEnd_Stmt_ACMT_Draw_ACTMEnd_stmt2" tests="1" failures="0" timestamp="26 Dec 2018 11:02:49 GMT" time="590.209" errors="0">
  <testcase name="LOCI_ACTM_ACTMEnd_Stmt_ACMT_Draw_ACTMEnd_stmt2_Sc69" time="590.209" classname="Tests.LOC_general_Scenarios.LOCI_ACTM_ACTMEnd_Stmt_ACMT_Draw_ACTMEnd_stmt2"/>
</testsuite> <!-- Tests.LOC_general_Scenarios.LOCI_ACTM_ACTMEnd_Stmt_ACMT_Draw_ACTMEnd_stmt2 -->
