<?xml version="1.0" encoding="UTF-8"?>
<!-- Generated by org.testng.reporters.JUnitReportReporter -->
<testsuite hostname="QTLSYS1-25" name="Tests.LOC_general_Scenarios.DFLTcustomer_RCC7_RCCSchedule_Beforeduedate_Payfirstinsttwithcash_Voidpymt_CheckRevisedSch_RCCRevoke_CheckSch" tests="1" failures="0" timestamp="14 Jan 2019 12:37:37 GMT" time="1531.158" errors="0">
  <testcase name="DFLTcustomer_RCC7_RCCSchedule_Beforeduedate_Payfirstinsttwithcash_Voidpymt_CheckRevisedSch_RCCRevoke_CheckSch_Sc253" time="1531.158" classname="Tests.LOC_general_Scenarios.DFLTcustomer_RCC7_RCCSchedule_Beforeduedate_Payfirstinsttwithcash_Voidpymt_CheckRevisedSch_RCCRevoke_CheckSch"/>
</testsuite> <!-- Tests.LOC_general_Scenarios.DFLTcustomer_RCC7_RCCSchedule_Beforeduedate_Payfirstinsttwithcash_Voidpymt_CheckRevisedSch_RCCRevoke_CheckSch -->
