<?xml version="1.0" encoding="UTF-8"?>
<!-- Generated by org.testng.reporters.JUnitReportReporter -->
<testsuite hostname="QTLSYS1-25" name="Tests.LOC_general_Scenarios.LOCI_ACTM_Drawshouldnotbeavailable_stmt_DLQ_CURE_DFLT" tests="1" failures="0" timestamp="17 Dec 2018 11:14:00 GMT" time="1241.082" errors="0">
  <testcase name="LOCI_ACTM_Drawshouldnotbeavailable_stmt_DLQ_CURE_DFLT_Sc62" time="1241.082" classname="Tests.LOC_general_Scenarios.LOCI_ACTM_Drawshouldnotbeavailable_stmt_DLQ_CURE_DFLT"/>
</testsuite> <!-- Tests.LOC_general_Scenarios.LOCI_ACTM_Drawshouldnotbeavailable_stmt_DLQ_CURE_DFLT -->
