<?xml version="1.0" encoding="UTF-8"?>
<!-- Generated by org.testng.reporters.JUnitReportReporter -->
<testsuite hostname="QTLSYS1-25" name="Test.CO_ILP.LonI_Bnkrupt_Discharge" tests="1" failures="0" timestamp="9 Feb 2019 11:22:40 GMT" time="346.344" errors="0">
  <testcase name="LonI_Bnkrupt_Discharge" time="346.344" classname="Test.CO_ILP.LonI_Bnkrupt_Discharge"/>
</testsuite> <!-- Test.CO_ILP.LonI_Bnkrupt_Discharge -->
