<?xml version="1.0" encoding="UTF-8"?>
<!-- Generated by org.testng.reporters.JUnitReportReporter -->
<testsuite hostname="QTLSYS1-25" name="Tests.LOC_general_Scenarios.LOCI_Draw_stmt_ACTM_DLQ_Payment_Draw_ACTMEnd_Draw_stmt2" tests="1" failures="0" timestamp="26 Dec 2018 12:27:37 GMT" time="999.368" errors="0">
  <testcase name="LOCI_Draw_stmt_ACTM_DLQ_Payment_Draw_ACTMEnd_Draw_stmt2_Sc91" time="999.368" classname="Tests.LOC_general_Scenarios.LOCI_Draw_stmt_ACTM_DLQ_Payment_Draw_ACTMEnd_Draw_stmt2"/>
</testsuite> <!-- Tests.LOC_general_Scenarios.LOCI_Draw_stmt_ACTM_DLQ_Payment_Draw_ACTMEnd_Draw_stmt2 -->
