<?xml version="1.0" encoding="UTF-8"?>
<!-- Generated by org.testng.reporters.JUnitReportReporter -->
<testsuite hostname="QTLSYS1-25" name="Test.CO_ILP.LonI_Bnkrupt_Deceased" tests="1" failures="0" timestamp="9 Feb 2019 12:03:17 GMT" time="372.688" errors="0">
  <testcase name="LonI_Bnkrupt_Deceased" time="372.688" classname="Test.CO_ILP.LonI_Bnkrupt_Deceased"/>
</testsuite> <!-- Test.CO_ILP.LonI_Bnkrupt_Deceased -->
