<?xml version="1.0" encoding="UTF-8"?>
<!-- Generated by org.testng.reporters.JUnitReportReporter -->
<testsuite hostname="qtlsys2-139" name="Tests.PDL.Booking" tests="1" failures="0" timestamp="6 Sep 2018 14:56:48 GMT" time="0.401" errors="0">
  <testcase name="RegistrationTest" time="0.401" classname="Tests.PDL.Booking"/>
</testsuite> <!-- Tests.PDL.Booking -->
