<?xml version="1.0" encoding="UTF-8"?>
<!-- Generated by org.testng.reporters.JUnitReportReporter -->
<testsuite hostname="QTLSYS1-25" name="Tests.LOC_general_Scenarios.DFLTcustomer_RCC7_RCCSchedule__lastinstdeposit_Bnkruptwithclear_VoidBNK" tests="1" failures="0" timestamp="25 Jan 2019 11:46:14 GMT" time="1714.247" errors="0">
  <testcase name="DFLTcustomer_RCC7_RCCSchedule__lastinstdeposit_Bnkruptwithclear_VoidBNK_Sc282" time="1714.247" classname="Tests.LOC_general_Scenarios.DFLTcustomer_RCC7_RCCSchedule__lastinstdeposit_Bnkruptwithclear_VoidBNK"/>
</testsuite> <!-- Tests.LOC_general_Scenarios.DFLTcustomer_RCC7_RCCSchedule__lastinstdeposit_Bnkruptwithclear_VoidBNK -->
