<?xml version="1.0" encoding="UTF-8"?>
<!-- Generated by org.testng.reporters.JUnitReportReporter -->
<testsuite hostname="qtlsys2-139" name="Tests.PDL.Byback_agestore_void" tests="1" failures="0" timestamp="6 Sep 2018 11:30:53 GMT" time="326.792" errors="0">
  <testcase name="RegistrationTest" time="326.792" classname="Tests.PDL.Byback_agestore_void"/>
</testsuite> <!-- Tests.PDL.Byback_agestore_void -->
