<?xml version="1.0" encoding="UTF-8"?>
<!-- Generated by org.testng.reporters.JUnitReportReporter -->
<testsuite hostname="QTLSYS2-34" name="SmokeTesting.PDL_SmokeTest" tests="2" failures="0" timestamp="18 May 2019 10:40:49 GMT" time="502.308" errors="0">
  <testcase name="PreNoteDeposit_Clear_CustomerActive_Deposit" time="299.369" classname="SmokeTesting.PDL_SmokeTest"/>
  <testcase name="Newloan_missEPP_EODprocess" time="202.939" classname="SmokeTesting.PDL_SmokeTest"/>
</testsuite> <!-- SmokeTesting.PDL_SmokeTest -->
