<?xml version="1.0" encoding="UTF-8"?>
<!-- Generated by org.testng.reporters.JUnitReportReporter -->
<testsuite hostname="QTLSYS1-25" name="Test.CO_ILP.LonI_RunEODbatchon1Instduedate_Payment_PayPastDue_NextInstallment" tests="1" failures="0" timestamp="21 Feb 2019 06:14:15 GMT" time="228.157" errors="0">
  <testcase name="LonI_RunEODbatchon1Instduedate_Payment_PayPastDue_NextInstallment" time="228.157" classname="Test.CO_ILP.LonI_RunEODbatchon1Instduedate_Payment_PayPastDue_NextInstallment"/>
</testsuite> <!-- Test.CO_ILP.LonI_RunEODbatchon1Instduedate_Payment_PayPastDue_NextInstallment -->
