<?xml version="1.0" encoding="UTF-8"?>
<!-- Generated by org.testng.reporters.JUnitReportReporter -->
<testsuite hostname="QTLSYS1-25" name="Tests.LOC_general_Scenarios.LOCI_Draw_ACTM_PayoffwithCash_ACTMEnd_stmt_Draw_ACTM_ACTMEnd_stmt2_ACTM_Pymt_ACTMEnd_stmt3" tests="1" failures="0" timestamp="2 Jan 2019 10:17:14 GMT" time="1060.777" errors="0">
  <testcase name="LOCI_Draw_ACTM_PayoffwithCash_ACTMEnd_stmt_Draw_ACTM_ACTMEnd_stmt2_ACTM_Pymt_ACTMEnd_stmt3_Sc71" time="1060.777" classname="Tests.LOC_general_Scenarios.LOCI_Draw_ACTM_PayoffwithCash_ACTMEnd_stmt_Draw_ACTM_ACTMEnd_stmt2_ACTM_Pymt_ACTMEnd_stmt3"/>
</testsuite> <!-- Tests.LOC_general_Scenarios.LOCI_Draw_ACTM_PayoffwithCash_ACTMEnd_stmt_Draw_ACTM_ACTMEnd_stmt2_ACTM_Pymt_ACTMEnd_stmt3 -->
