<?xml version="1.0" encoding="UTF-8"?>
<!-- Generated by org.testng.reporters.JUnitReportReporter -->
<testsuite hostname="QTLSYS1-25" name="Tests.LOC_general_Scenarios.LOCI_Draw_stmt_Deposit_Return_DLQ_Cure_DFLT_PBNK_StopRPP" tests="1" failures="0" timestamp="30 Jan 2019 06:07:13 GMT" time="1242.242" errors="0">
  <testcase name="LOCI_Draw_stmt_Deposit_Return_DLQ_Cure_DFLT_PBNK_StopRPP_Sc103" time="1242.242" classname="Tests.LOC_general_Scenarios.LOCI_Draw_stmt_Deposit_Return_DLQ_Cure_DFLT_PBNK_StopRPP"/>
</testsuite> <!-- Tests.LOC_general_Scenarios.LOCI_Draw_stmt_Deposit_Return_DLQ_Cure_DFLT_PBNK_StopRPP -->
