<?xml version="1.0" encoding="UTF-8"?>
<!-- Generated by org.testng.reporters.JUnitReportReporter -->
<testsuite hostname="QTLSYS1-25" name="Tests.LOC_general_Scenarios.DFLTcustomer_RCCRevoke_ConvertEPP_DepositallInst_ClearallInst_Weekly_CheckStatus" tests="1" failures="0" timestamp="28 Jan 2019 14:12:46 GMT" time="2311.136" errors="0">
  <testcase name="DFLTcustomer_RCCRevoke_ConvertEPP_DepositallInst_ClearallInst_Weekly_CheckStatus_Sc198" time="2311.136" classname="Tests.LOC_general_Scenarios.DFLTcustomer_RCCRevoke_ConvertEPP_DepositallInst_ClearallInst_Weekly_CheckStatus"/>
</testsuite> <!-- Tests.LOC_general_Scenarios.DFLTcustomer_RCCRevoke_ConvertEPP_DepositallInst_ClearallInst_Weekly_CheckStatus -->
