<?xml version="1.0" encoding="UTF-8"?>
<!-- Generated by org.testng.reporters.JUnitReportReporter -->
<testsuite hostname="QTLSYS1-25" name="Tests.LOC_general_Scenarios.LOCI_Draw_Payoffwithcash_Dismissed_DrawnotAvailable" tests="1" failures="0" timestamp="2 Jan 2019 09:52:49 GMT" time="542.251" errors="0">
  <testcase name="LOCI_Draw_Payoffwithcash_Dismissed_DrawnotAvailable_Sc181" time="542.251" classname="Tests.LOC_general_Scenarios.LOCI_Draw_Payoffwithcash_Dismissed_DrawnotAvailable"/>
</testsuite> <!-- Tests.LOC_general_Scenarios.LOCI_Draw_Payoffwithcash_Dismissed_DrawnotAvailable -->
