<?xml version="1.0" encoding="UTF-8"?>
<!-- Generated by org.testng.reporters.JUnitReportReporter -->
<testsuite hostname="QTLSYS1-25" name="Tests.LOC_general_Scenarios.LOCI_Draw_stmt_Deposit_Return_DLQ_Cure_DFLT_PBNK_StopRCC" tests="1" failures="0" timestamp="30 Jan 2019 07:27:40 GMT" time="1200.205" errors="0">
  <testcase name="LOCI_Draw_stmt_Deposit_Return_DLQ_Cure_DFLT_PBNK_StopRCC_Sc104" time="1200.205" classname="Tests.LOC_general_Scenarios.LOCI_Draw_stmt_Deposit_Return_DLQ_Cure_DFLT_PBNK_StopRCC"/>
</testsuite> <!-- Tests.LOC_general_Scenarios.LOCI_Draw_stmt_Deposit_Return_DLQ_Cure_DFLT_PBNK_StopRCC -->
