<?xml version="1.0" encoding="UTF-8"?>
<!-- Generated by org.testng.reporters.JUnitReportReporter -->
<testsuite hostname="qtlsys2-139" name="Tests.PDL.Loan_Deposit_PrePayment_Return" tests="1" failures="0" timestamp="24 Oct 2018 06:37:56 GMT" time="514.651" errors="0">
  <testcase name="RegistrationTest" time="514.651" classname="Tests.PDL.Loan_Deposit_PrePayment_Return"/>
</testsuite> <!-- Tests.PDL.Loan_Deposit_PrePayment_Return -->
