<?xml version="1.0" encoding="UTF-8"?>
<!-- Generated by org.testng.reporters.JUnitReportReporter -->
<testsuite hostname="QTLSYS1-25" name="Tests.LOC_general_Scenarios.LOCI_Draw_stmt_DLQ_Deceasedonduedate_LineStatustoWO" tests="1" failures="0" timestamp="19 Dec 2018 13:15:52 GMT" time="672.505" errors="0">
  <testcase name="LOCI_Draw_stmt_DLQ_Deceasedonduedate_LineStatustoWO_Sc149" time="672.505" classname="Tests.LOC_general_Scenarios.LOCI_Draw_stmt_DLQ_Deceasedonduedate_LineStatustoWO"/>
</testsuite> <!-- Tests.LOC_general_Scenarios.LOCI_Draw_stmt_DLQ_Deceasedonduedate_LineStatustoWO -->
