<?xml version="1.0" encoding="UTF-8"?>
<!-- Generated by org.testng.reporters.JUnitReportReporter -->
<testsuite hostname="QTLSYS1-25" name="Tests.LOC_general_Scenarios.LOCI_Draw_ACTM_ACTMEnd_stmt_ACTM_ACTMEnd_Stmt2_ACTM_ACTMEnd_Stmt3" tests="1" failures="0" timestamp="18 Dec 2018 06:52:47 GMT" time="874.496" errors="0">
  <testcase name="LOCI_Draw_ACTM_ACTMEnd_stmt_ACTM_ACTMEnd_Stmt2_ACTM_ACTMEnd_Stmt3_Sc66" time="874.496" classname="Tests.LOC_general_Scenarios.LOCI_Draw_ACTM_ACTMEnd_stmt_ACTM_ACTMEnd_Stmt2_ACTM_ACTMEnd_Stmt3"/>
</testsuite> <!-- Tests.LOC_general_Scenarios.LOCI_Draw_ACTM_ACTMEnd_stmt_ACTM_ACTMEnd_Stmt2_ACTM_ACTMEnd_Stmt3 -->
