<?xml version="1.0" encoding="UTF-8"?>
<!-- Generated by org.testng.reporters.JUnitReportReporter -->
<testsuite hostname="QTLSYS1-25" name="Tests.LOC_general_Scenarios.LOCI_Draw_stmt_DLQ_DismissedinCureperiod_LineStatustoWO2" tests="1" failures="0" timestamp="31 Dec 2018 10:05:08 GMT" time="1016.105" errors="0">
  <testcase name="LOCI_Draw_stmt_DLQ_DismissedinCureperiod_LineStatustoWO2_Sc177" time="1016.105" classname="Tests.LOC_general_Scenarios.LOCI_Draw_stmt_DLQ_DismissedinCureperiod_LineStatustoWO2"/>
</testsuite> <!-- Tests.LOC_general_Scenarios.LOCI_Draw_stmt_DLQ_DismissedinCureperiod_LineStatustoWO2 -->
