<?xml version="1.0" encoding="UTF-8"?>
<!-- Generated by org.testng.reporters.JUnitReportReporter -->
<testsuite hostname="QTLSYS1-25" name="Tests.FLPDL.FL_PDL_SmokeTest" tests="5" failures="0" timestamp="2 May 2019 07:27:21 GMT" time="869.638" errors="0">
  <testcase name="RegistrationTest" time="69.519" classname="Tests.FLPDL.FL_PDL_SmokeTest"/>
  <testcase name="PreNoteDeposit_Clear_CustomerActive_Deposit" time="288.174" classname="Tests.FLPDL.FL_PDL_SmokeTest"/>
  <testcase name="PreNoteDeposit_Clear_CustomerInactive_Deposit" time="281.899" classname="Tests.FLPDL.FL_PDL_SmokeTest"/>
  <testcase name="VoidloanTest" time="67.486" classname="Tests.FLPDL.FL_PDL_SmokeTest"/>
  <testcase name="BuyBack_Change_Void" time="162.560" classname="Tests.FLPDL.FL_PDL_SmokeTest"/>
</testsuite> <!-- Tests.FLPDL.FL_PDL_SmokeTest -->
