<?xml version="1.0" encoding="UTF-8"?>
<!-- Generated by org.testng.reporters.JUnitReportReporter -->
<testsuite hostname="QTLSYS1-25" name="Tests.LOC_general_Scenarios.LOCI_Draw_stmt_Deposit_ReturnwithR01_DLQ_Cure_WO_PendingBNK_Deceased_EligibilityRCC" tests="1" failures="0" timestamp="25 Jan 2019 12:11:21 GMT" time="1389.035" errors="0">
  <testcase name="LOCI_Draw_stmt_Deposit_ReturnwithR01_DLQ_Cure_WO_PendingBNK_Deceased_EligibilityRCC_Sc291" time="1389.035" classname="Tests.LOC_general_Scenarios.LOCI_Draw_stmt_Deposit_ReturnwithR01_DLQ_Cure_WO_PendingBNK_Deceased_EligibilityRCC"/>
</testsuite> <!-- Tests.LOC_general_Scenarios.LOCI_Draw_stmt_Deposit_ReturnwithR01_DLQ_Cure_WO_PendingBNK_Deceased_EligibilityRCC -->
