<?xml version="1.0" encoding="UTF-8"?>
<!-- Generated by org.testng.reporters.JUnitReportReporter -->
<testsuite hostname="qtlsys2-139" name="Tests.Loan_Statement__Payment_Default_RccDuedatebefore10days" tests="1" failures="0" timestamp="15 Sep 2018 06:02:17 GMT" time="14.003" errors="0">
  <testcase name="RegistrationTest" time="14.003" classname="Tests.Loan_Statement__Payment_Default_RccDuedatebefore10days"/>
</testsuite> <!-- Tests.Loan_Statement__Payment_Default_RccDuedatebefore10days -->
