<?xml version="1.0" encoding="UTF-8"?>
<!-- Generated by org.testng.reporters.JUnitReportReporter -->
<testsuite hostname="QTLSYS1-25" name="Tests.PDL.Executionscriptes_PDL" tests="1" failures="0" timestamp="13 Dec 2018 07:14:10 GMT" time="63.735" errors="0">
  <testcase name="NewLoan_Deposit_Return_Prenotedeposit" time="63.735" classname="Tests.PDL.Executionscriptes_PDL"/>
</testsuite> <!-- Tests.PDL.Executionscriptes_PDL -->
