<?xml version="1.0" encoding="UTF-8"?>
<!-- Generated by org.testng.reporters.JUnitReportReporter -->
<testsuite hostname="qtlsys2-139" name="Tests.TLP.Loan_1stTo3rdInstPayment_checkthe4thinstAmount" tests="1" failures="0" timestamp="15 Sep 2018 13:10:53 GMT" time="1271.657" errors="0">
  <testcase name="RegistrationTest" time="1271.657" classname="Tests.TLP.Loan_1stTo3rdInstPayment_checkthe4thinstAmount"/>
</testsuite> <!-- Tests.TLP.Loan_1stTo3rdInstPayment_checkthe4thinstAmount -->
