<?xml version="1.0" encoding="UTF-8"?>
<!-- Generated by org.testng.reporters.JUnitReportReporter -->
<testsuite hostname="QTLSYS1-25" name="Tests.LOC_general_Scenarios.LOCI_Draw_ACTM_stmt_ACTMEnd_Draw_ACTM_WaiveFee_ACTMEnd_Stmt2" tests="1" failures="0" timestamp="24 Jan 2019 10:21:00 GMT" time="754.368" errors="0">
  <testcase name="LOCI_Draw_ACTM_stmt_ACTMEnd_Draw_ACTM_WaiveFee_ACTMEnd_Stmt2_Sc67" time="754.368" classname="Tests.LOC_general_Scenarios.LOCI_Draw_ACTM_stmt_ACTMEnd_Draw_ACTM_WaiveFee_ACTMEnd_Stmt2"/>
</testsuite> <!-- Tests.LOC_general_Scenarios.LOCI_Draw_ACTM_stmt_ACTMEnd_Draw_ACTM_WaiveFee_ACTMEnd_Stmt2 -->
