<?xml version="1.0" encoding="UTF-8"?>
<!-- Generated by org.testng.reporters.JUnitReportReporter -->
<testsuite hostname="QTLSYS1-25" name="Tests.LOC_general_Scenarios.LOC_general_scenarios" tests="1" failures="0" timestamp="14 Dec 2018 06:20:15 GMT" time="262.024" errors="0">
  <testcase name="LOCI_Draw_ACTMSamedrawday_stmt_Sc61" time="262.024" classname="Tests.LOC_general_Scenarios.LOC_general_scenarios"/>
</testsuite> <!-- Tests.LOC_general_Scenarios.LOC_general_scenarios -->
