<?xml version="1.0" encoding="UTF-8"?>
<!-- Generated by org.testng.reporters.JUnitReportReporter -->
<testsuite hostname="QTLSYS1-25" name="Tests.LOC_general_Scenarios.LOCI_Draw_stmt_Deposit_ReturnwithR01_DLQ_Cure_DFLT_RPP_PPAYwithCash_PBNKbeforeduedate_NoRepDepRecord" tests="1" failures="0" timestamp="1 Feb 2019 06:53:42 GMT" time="1452.429" errors="0">
  <testcase name="LOCI_Draw_stmt_Deposit_ReturnwithR01_DLQ_Cure_DFLT_RPP_PPAYwithCash_PBNKbeforeduedate_NoRepDepRecord_Sc107" time="1452.429" classname="Tests.LOC_general_Scenarios.LOCI_Draw_stmt_Deposit_ReturnwithR01_DLQ_Cure_DFLT_RPP_PPAYwithCash_PBNKbeforeduedate_NoRepDepRecord"/>
</testsuite> <!-- Tests.LOC_general_Scenarios.LOCI_Draw_stmt_Deposit_ReturnwithR01_DLQ_Cure_DFLT_RPP_PPAYwithCash_PBNKbeforeduedate_NoRepDepRecord -->
