<?xml version="1.0" encoding="UTF-8"?>
<!-- Generated by org.testng.reporters.JUnitReportReporter -->
<testsuite hostname="QTLSYS1-25" name="Tests.LOC_general_Scenarios.LOCI_Draw_stmt_Deposit_Return_DLQ_Cure_DFLT_PBNK_RCC_VoidPBNK_RCC" tests="1" failures="0" timestamp="30 Jan 2019 08:00:56 GMT" time="1285.107" errors="0">
  <testcase name="LOCI_Draw_stmt_Deposit_Return_DLQ_Cure_DFLT_PBNK_RCC_VoidPBNK_RCC_Sc106" time="1285.107" classname="Tests.LOC_general_Scenarios.LOCI_Draw_stmt_Deposit_Return_DLQ_Cure_DFLT_PBNK_RCC_VoidPBNK_RCC"/>
</testsuite> <!-- Tests.LOC_general_Scenarios.LOCI_Draw_stmt_Deposit_Return_DLQ_Cure_DFLT_PBNK_RCC_VoidPBNK_RCC -->
