<?xml version="1.0" encoding="UTF-8"?>
<!-- Generated by org.testng.reporters.JUnitReportReporter -->
<testsuite hostname="QTLSYS1-25" name="Test.CO_ILP.LonI_DFLT_EODbatchprocess_DFLTPLUS60" tests="1" failures="0" timestamp="13 Feb 2019 10:26:33 GMT" time="13.785" errors="0">
  <testcase name="LonI_DFLT_EODbatchprocess_DFLTPLUS60" time="13.785" classname="Test.CO_ILP.LonI_DFLT_EODbatchprocess_DFLTPLUS60"/>
</testsuite> <!-- Test.CO_ILP.LonI_DFLT_EODbatchprocess_DFLTPLUS60 -->
