<?xml version="1.0" encoding="UTF-8"?>
<!-- Generated by org.testng.reporters.JUnitReportReporter -->
<testsuite hostname="QTLSYS1-25" name="Test.CO_ILP.LonI_Bnkrupt_Dismissed" tests="1" failures="0" timestamp="12 Feb 2019 12:36:06 GMT" time="366.713" errors="0">
  <testcase name="LonI_Bnkrupt_Dismissed" time="366.713" classname="Test.CO_ILP.LonI_Bnkrupt_Dismissed"/>
</testsuite> <!-- Test.CO_ILP.LonI_Bnkrupt_Dismissed -->
