<?xml version="1.0" encoding="UTF-8"?>
<!-- Generated by org.testng.reporters.JUnitReportReporter -->
<testsuite hostname="QTLSYS1-25" name="Tests.LOC_general_Scenarios.LOCI_Draw_stmt_Pymtlessminpayamt_ACTM_Draw_DrawVoid_Draw_ACTMEnd_stmt2" tests="1" failures="0" timestamp="24 Dec 2018 10:11:01 GMT" time="683.962" errors="0">
  <testcase name="LOCI_Draw_stmt_Pymtlessminpayamt_ACTM_Draw_DrawVoid_Draw_ACTMEnd_stmt2_Sc90" time="683.962" classname="Tests.LOC_general_Scenarios.LOCI_Draw_stmt_Pymtlessminpayamt_ACTM_Draw_DrawVoid_Draw_ACTMEnd_stmt2"/>
</testsuite> <!-- Tests.LOC_general_Scenarios.LOCI_Draw_stmt_Pymtlessminpayamt_ACTM_Draw_DrawVoid_Draw_ACTMEnd_stmt2 -->
