<?xml version="1.0" encoding="UTF-8"?>
<!-- Generated by org.testng.reporters.JUnitReportReporter -->
<testsuite hostname="QTLSYS1-25" name="Tests.LOC_general_Scenarios.DFLTcustomer_RCC7_RCCSchedule__PendingBankruptcy_VoidPendingBnkrupt_VerifyRCCSchedule" tests="1" failures="0" timestamp="22 Jan 2019 06:13:45 GMT" time="1420.517" errors="0">
  <testcase name="DFLTcustomer_RCC7_RCCSchedule__PendingBankruptcy_VoidPendingBnkrupt_VerifyRCCSchedule_Sc286" time="1420.517" classname="Tests.LOC_general_Scenarios.DFLTcustomer_RCC7_RCCSchedule__PendingBankruptcy_VoidPendingBnkrupt_VerifyRCCSchedule"/>
</testsuite> <!-- Tests.LOC_general_Scenarios.DFLTcustomer_RCC7_RCCSchedule__PendingBankruptcy_VoidPendingBnkrupt_VerifyRCCSchedule -->
