<?xml version="1.0" encoding="UTF-8"?>
<!-- Generated by org.testng.reporters.JUnitReportReporter -->
<testsuite hostname="QTLSYS1-25" name="Test.CO_ILP.LonI_DFLT_PPN_1stinstpartialpay_1InstremainingDepositDueDate_2ndpayfullcashb4duedate_1stInstreturn_CheckSch2" tests="1" failures="0" timestamp="27 Feb 2019 09:16:34 GMT" time="742.528" errors="0">
  <testcase name="LonI_DFLT_PPN_1stinstpartialpay_1InstremainingDepositDueDate_2ndpayfullcashb4duedate_1stInstreturn_CheckSch" time="742.528" classname="Test.CO_ILP.LonI_DFLT_PPN_1stinstpartialpay_1InstremainingDepositDueDate_2ndpayfullcashb4duedate_1stInstreturn_CheckSch2"/>
</testsuite> <!-- Test.CO_ILP.LonI_DFLT_PPN_1stinstpartialpay_1InstremainingDepositDueDate_2ndpayfullcashb4duedate_1stInstreturn_CheckSch2 -->
