<?xml version="1.0" encoding="UTF-8"?>
<!-- Generated by org.testng.reporters.JUnitReportReporter -->
<testsuite hostname="QTLSYS1-25" name="Tests.LOC_general_Scenarios.DFLTcustomer_RCC7_RCCSchedule_R1Deposit_RCCOrg_RCCoptout_CheckSch_RCCauth2ndDuedate_CheckSch" tests="1" failures="0" timestamp="18 Jan 2019 08:02:16 GMT" time="1795.755" errors="0">
  <testcase name="DFLTcustomer_RCC7_RCCSchedule_R1Deposit_RCCOrg_RCCoptout_CheckSch_RCCauth2ndDuedate_CheckSch_Sc246" time="1795.755" classname="Tests.LOC_general_Scenarios.DFLTcustomer_RCC7_RCCSchedule_R1Deposit_RCCOrg_RCCoptout_CheckSch_RCCauth2ndDuedate_CheckSch"/>
</testsuite> <!-- Tests.LOC_general_Scenarios.DFLTcustomer_RCC7_RCCSchedule_R1Deposit_RCCOrg_RCCoptout_CheckSch_RCCauth2ndDuedate_CheckSch -->
