<?xml version="1.0" encoding="UTF-8"?>
<!-- Generated by org.testng.reporters.JUnitReportReporter -->
<testsuite hostname="qtlsys2-139" name="Tests.PDL.Partialpayment_agestorevoid" tests="1" failures="0" timestamp="6 Sep 2018 10:07:22 GMT" time="322.879" errors="0">
  <testcase name="RegistrationTest" time="322.879" classname="Tests.PDL.Partialpayment_agestorevoid"/>
</testsuite> <!-- Tests.PDL.Partialpayment_agestorevoid -->
