<?xml version="1.0" encoding="UTF-8"?>
<!-- Generated by org.testng.reporters.JUnitReportReporter -->
<testsuite hostname="qtlsys2-139" name="Tests.PDL.LoanwithCheck_Deposit_ReturnwithoutR01R09_FutureDepositNotposted" tests="1" failures="0" timestamp="30 Oct 2018 05:53:00 GMT" time="750.625" errors="0">
  <testcase name="RegistrationTest" time="750.625" classname="Tests.PDL.LoanwithCheck_Deposit_ReturnwithoutR01R09_FutureDepositNotposted"/>
</testsuite> <!-- Tests.PDL.LoanwithCheck_Deposit_ReturnwithoutR01R09_FutureDepositNotposted -->
