<?xml version="1.0" encoding="UTF-8"?>
<!-- Generated by org.testng.reporters.JUnitReportReporter -->
<testsuite hostname="QTLSYS1-25" name="Tests.LOC_general_Scenarios.LOCI_Draw_stmt_DLQ_Cure_DFLT_GenerateRCC_ACTM_ACTMEnd_EODbeforeDueDate" tests="1" failures="0" timestamp="31 Jan 2019 07:39:29 GMT" time="1565.645" errors="0">
  <testcase name="LOCI_Draw_stmt_DLQ_Cure_DFLT_GenerateRCC_ACTM_ACTMEnd_EODbeforeDueDate_Sc277" time="1565.645" classname="Tests.LOC_general_Scenarios.LOCI_Draw_stmt_DLQ_Cure_DFLT_GenerateRCC_ACTM_ACTMEnd_EODbeforeDueDate"/>
</testsuite> <!-- Tests.LOC_general_Scenarios.LOCI_Draw_stmt_DLQ_Cure_DFLT_GenerateRCC_ACTM_ACTMEnd_EODbeforeDueDate -->
