<?xml version="1.0" encoding="UTF-8"?>
<!-- Generated by org.testng.reporters.JUnitReportReporter -->
<testsuite hostname="QTLSYS1-25" name="Tests.LOC_general_Scenarios.DFLTcustomer_RCC7_RCCSchedule_CheckSch_Beforeduedate_Partialpymt_CheckRevisedSch" tests="1" failures="0" timestamp="14 Jan 2019 12:04:10 GMT" time="1418.223" errors="0">
  <testcase name="DFLTcustomer_RCC7_RCCSchedule_CheckSch_Beforeduedate_Partialpymt_CheckRevisedSch_Sc242" time="1418.223" classname="Tests.LOC_general_Scenarios.DFLTcustomer_RCC7_RCCSchedule_CheckSch_Beforeduedate_Partialpymt_CheckRevisedSch"/>
</testsuite> <!-- Tests.LOC_general_Scenarios.DFLTcustomer_RCC7_RCCSchedule_CheckSch_Beforeduedate_Partialpymt_CheckRevisedSch -->
