<?xml version="1.0" encoding="UTF-8"?>
<!-- Generated by org.testng.reporters.JUnitReportReporter -->
<testsuite hostname="qtlsys2-139" name="Tests.PDL.NewLoan" tests="1" failures="0" timestamp="3 Sep 2018 09:17:46 GMT" time="31.406" errors="0">
  <testcase name="RegistrationTest" time="31.406" classname="Tests.PDL.NewLoan"/>
</testsuite> <!-- Tests.PDL.NewLoan -->
