<?xml version="1.0" encoding="UTF-8"?>
<!-- Generated by org.testng.reporters.JUnitReportReporter -->
<testsuite hostname="QTLSYS1-25" name="Tests.LOC_general_Scenarios.LOCI_Draw_Payment_ACTM_Draw_Stmt_ACTMEnd_Payment_Stmt2" tests="1" failures="0" timestamp="19 Dec 2018 05:43:46 GMT" time="703.370" errors="0">
  <testcase name="LOCI_Draw_Payment_ACTM_Draw_Stmt_ACTMEnd_Payment_Stmt2_Sc95" time="703.370" classname="Tests.LOC_general_Scenarios.LOCI_Draw_Payment_ACTM_Draw_Stmt_ACTMEnd_Payment_Stmt2"/>
</testsuite> <!-- Tests.LOC_general_Scenarios.LOCI_Draw_Payment_ACTM_Draw_Stmt_ACTMEnd_Payment_Stmt2 -->
