<?xml version="1.0" encoding="UTF-8"?>
<!-- Generated by org.testng.reporters.JUnitReportReporter -->
<testsuite hostname="QTLSYS1-25" name="Test.CO_ILP.LonI_RunEODbatchon1Instduedate_Payment_PayPastDue_NextInstallment_VoidPymt" tests="1" failures="0" timestamp="21 Feb 2019 09:50:44 GMT" time="308.692" errors="0">
  <testcase name="LonI_RunEODbatchon1Instduedate_Payment_PayPastDue_NextInstallment_VoidPymt" time="308.692" classname="Test.CO_ILP.LonI_RunEODbatchon1Instduedate_Payment_PayPastDue_NextInstallment_VoidPymt"/>
</testsuite> <!-- Test.CO_ILP.LonI_RunEODbatchon1Instduedate_Payment_PayPastDue_NextInstallment_VoidPymt -->
