<?xml version="1.0" encoding="UTF-8"?>
<!-- Generated by org.testng.reporters.JUnitReportReporter -->
<testsuite hostname="QTLSYS1-25" name="Tests.LOC_general_Scenarios.LOCI_ACTM_Draw_stmt_ACTMEnd_Draw_ACTM_WaiveFee_Pymtwithcash_ACTMEnd_Stmt2" tests="1" failures="0" timestamp="24 Jan 2019 09:36:07 GMT" time="879.993" errors="0">
  <testcase name="LOCI_ACTM_Draw_stmt_ACTMEnd_Draw_ACTM_WaiveFee_Pymtwithcash_ACTMEnd_Stmt2_Sc70" time="879.993" classname="Tests.LOC_general_Scenarios.LOCI_ACTM_Draw_stmt_ACTMEnd_Draw_ACTM_WaiveFee_Pymtwithcash_ACTMEnd_Stmt2"/>
</testsuite> <!-- Tests.LOC_general_Scenarios.LOCI_ACTM_Draw_stmt_ACTMEnd_Draw_ACTM_WaiveFee_Pymtwithcash_ACTMEnd_Stmt2 -->
